<?xml version="1.0" encoding="UTF-8"?>
<Site BuildName="(empty)"
	BuildStamp="20230507-2027-Experimental"
	Name="(empty)"
	Generator="ctest-3.25.1-msvc1"
	CompilerName=""
	CompilerVersion=""
	OSName="Windows"
	Hostname="Nina_Laptop2023"
	OSRelease=" Personal"
	OSVersion=" (Build 22621)"
	OSPlatform="x86"
	Is64Bits="1"
	VendorString="GenuineIntel"
	VendorID="Intel Corporation"
	FamilyID="6"
	ModelID="10"
	ProcessorCacheSize="-1"
	NumberOfLogicalCPU="20"
	NumberOfPhysicalCPU="14"
	TotalVirtualMemory="37336"
	TotalPhysicalMemory="32472"
	LogicalProcessorsPerPhysical="1"
	ProcessorClockFrequency="2688"
	>
	<Testing>
		<StartDateTime>May 07 22:28 Central European Summer Time</StartDateTime>
		<StartTestTime>1683491325</StartTestTime>
		<TestList/>
		<EndDateTime>May 07 22:28 Central European Summer Time</EndDateTime>
		<EndTestTime>1683491325</EndTestTime>
		<ElapsedMinutes>0</ElapsedMinutes>
	</Testing>
</Site>
